[debug] [2025-08-16T17:42:05.503Z] ----------------------------------------------------------------------
[debug] [2025-08-16T17:42:05.506Z] Command:       /Users/tenebrisx/.nvm/versions/node/v20.19.0/bin/node /Users/tenebrisx/.npm-global/bin/firebase init hosting
[debug] [2025-08-16T17:42:05.507Z] CLI Version:   14.12.0
[debug] [2025-08-16T17:42:05.507Z] Platform:      darwin
[debug] [2025-08-16T17:42:05.507Z] Node Version:  v20.19.0
[debug] [2025-08-16T17:42:05.507Z] Time:          Sat Aug 16 2025 13:42:05 GMT-0400 (Atlantic Standard Time)
[debug] [2025-08-16T17:42:05.507Z] ----------------------------------------------------------------------
[debug] 
[debug] [2025-08-16T17:42:05.611Z] > command requires scopes: ["email","openid","https://www.googleapis.com/auth/cloudplatformprojects.readonly","https://www.googleapis.com/auth/firebase","https://www.googleapis.com/auth/cloud-platform"]
[debug] [2025-08-16T17:42:05.611Z] > authorizing via signed-in user (tenebrsx@gmail.com)
[info] 
     ######## #### ########  ######## ########     ###     ######  ########
     ##        ##  ##     ## ##       ##     ##  ##   ##  ##       ##
     ######    ##  ########  ######   ########  #########  ######  ######
     ##        ##  ##    ##  ##       ##     ## ##     ##       ## ##
     ##       #### ##     ## ######## ########  ##     ##  ######  ########

You're about to initialize a Firebase project in this directory:

  /Users/tenebrisx/Library/Mobile Documents/com~apple~CloudDocs/Desktop/Projects/angel artistic portfolio/portfolio

Before we get started, keep in mind:

  * You are initializing within an existing Firebase project directory

[info] 
=== Project Setup
[info] 
[info] First, let's associate this project directory with a Firebase project.
[info] You can create multiple project aliases by running firebase use --add, 
[info] but for now we'll just set up a default project.
[info] 
[debug] [2025-08-16T17:42:05.613Z] Using project from CLI flag: tenebrsx-artsy-portfolio
[debug] [2025-08-16T17:42:05.614Z] Checked if tokens are valid: true, expires at: 1755368839016
[debug] [2025-08-16T17:42:05.614Z] Checked if tokens are valid: true, expires at: 1755368839016
[debug] [2025-08-16T17:42:05.614Z] >>> [apiv2][query] GET https://firebase.googleapis.com/v1beta1/projects/tenebrsx-artsy-portfolio [none]
[debug] [2025-08-16T17:42:06.074Z] <<< [apiv2][status] GET https://firebase.googleapis.com/v1beta1/projects/tenebrsx-artsy-portfolio 403
[debug] [2025-08-16T17:42:06.074Z] <<< [apiv2][body] GET https://firebase.googleapis.com/v1beta1/projects/tenebrsx-artsy-portfolio {"error":{"code":403,"message":"The caller does not have permission","status":"PERMISSION_DENIED"}}
[debug] [2025-08-16T17:42:06.075Z] Request to https://firebase.googleapis.com/v1beta1/projects/tenebrsx-artsy-portfolio had HTTP Error: 403, The caller does not have permission
[debug] [2025-08-16T17:42:06.075Z] FirebaseError: Request to https://firebase.googleapis.com/v1beta1/projects/tenebrsx-artsy-portfolio had HTTP Error: 403, The caller does not have permission
    at responseToError (/Users/tenebrisx/.npm-global/lib/node_modules/firebase-tools/lib/responseToError.js:52:12)
    at RetryOperation._fn (/Users/tenebrisx/.npm-global/lib/node_modules/firebase-tools/lib/apiv2.js:312:77)
    at process.processTicksAndRejections (node:internal/process/task_queues:95:5)
[error] 
[error] Error: Failed to get Firebase project tenebrsx-artsy-portfolio. Please make sure the project exists and your account has permission to access it.
